生成启动时间为 2016/7/7 18:07:48。
     1>项目“E:\github\httpjson\build\win\main\main.vcxproj”在节点 2 上(Build 个目标)。
     1>ClCompile:
         C:\Program Files (x86)\Microsoft Visual Studio 12.0\VC\bin\CL.exe /c /I..\..\..\interface /I"d:\Program Files (x86)\Visual Leak Detector\include" /Zi /nologo /W3 /WX- /sdl /O2 /Oi /Oy- /GL /D _CRT_SECURE_NO_DEPRECATE /D _CRT_NONSTDC_NO_DEPRECATE /D _WINSOCK_DEPRECATED_NO_WARNINGS /D _MBCS /Gm- /EHsc /MD /GS /Gy /fp:precise /Zc:wchar_t /Zc:forScope /Fo"Release\\" /Fd"Release\vc120.pdb" /Gd /TP /analyze- /errorReport:prompt main.cpp
         main.cpp
     1>main.cpp(43): warning C4101: “i”: 未引用的局部变量
     1>main.cpp(47): warning C4101: “newtime”: 未引用的局部变量
     1>main.cpp(49): warning C4101: “error”: 未引用的局部变量
     1>main.cpp(48): warning C4101: “buffer”: 未引用的局部变量
     1>main.cpp(122): warning C4101: “i”: 未引用的局部变量
     1>main.cpp(125): warning C4101: “newtime”: 未引用的局部变量
     1>main.cpp(127): warning C4101: “error”: 未引用的局部变量
     1>main.cpp(126): warning C4101: “buffer”: 未引用的局部变量
     1>main.cpp(304): warning C4102: “std”: 未引用的标签
       Link:
         C:\Program Files (x86)\Microsoft Visual Studio 12.0\VC\bin\link.exe /ERRORREPORT:PROMPT /OUT:"E:\github\httpjson\build\win\Release\main.exe" /NOLOGO /LIBPATH:.\ /LIBPATH:"d:\Program Files (x86)\Visual Leak Detector\lib\Win32" http_json.lib kernel32.lib user32.lib gdi32.lib winspool.lib comdlg32.lib advapi32.lib shell32.lib ole32.lib oleaut32.lib uuid.lib odbc32.lib odbccp32.lib /MANIFEST /MANIFESTUAC:"level='asInvoker' uiAccess='false'" /manifest:embed /DEBUG /PDB:"E:\github\httpjson\build\win\Release\main.pdb" /OPT:REF /OPT:ICF /LTCG /TLBID:1 /DYNAMICBASE /NXCOMPAT /IMPLIB:"E:\github\httpjson\build\win\Release\main.lib" /MACHINE:X86 /SAFESEH Release\main.obj
         正在生成代码
         已完成代码的生成
         main.vcxproj -> E:\github\httpjson\build\win\Release\main.exe
     1>已完成生成项目“E:\github\httpjson\build\win\main\main.vcxproj”(Build 个目标)的操作。

生成成功。

已用时间 00:00:00.89
