生成启动时间为 2016/6/24 16:30:43。
     1>项目“E:\github\httpjson\src\http_json.vcxproj”在节点 2 上(Build 个目标)。
     1>ClCompile:
         C:\Program Files (x86)\Microsoft Visual Studio 12.0\VC\bin\CL.exe /c /I../interface /I../thirdparty/include /I"d:\Program Files (x86)\Visual Leak Detector\include" /Zi /nologo /W3 /WX- /sdl /O2 /Oi /Oy- /GL /D _CRT_SECURE_NO_DEPRECATE /D _CRT_NONSTDC_NO_DEPRECATE /D _WINSOCK_DEPRECATED_NO_WARNINGS /D CURL_STATICLIB /D HTTPJSON_EXPORTS /D _WINDLL /D _MBCS /Gm- /EHsc /MD /GS /Gy /fp:precise /Zc:wchar_t /Zc:forScope /Fo"Release\\" /Fd"Release\vc120.pdb" /Gd /TP /analyze- /errorReport:prompt httpjson.cpp
         httpjson.cpp
     1>e:\github\httpjson\src\httpClient.h : warning C4819: 该文件包含不能在当前代码页(936)中表示的字符。请将该文件保存为 Unicode 格式以防止数据丢失
       Link:
         C:\Program Files (x86)\Microsoft Visual Studio 12.0\VC\bin\link.exe /ERRORREPORT:PROMPT /OUT:"E:\github\httpjson\build\win\Release\http_json.dll" /NOLOGO /LIBPATH:..\thirdparty\lib /LIBPATH:"d:\Program Files (x86)\Visual Leak Detector\lib\Win32" jsoncpp.lib libcurl_a.lib ws2_32.lib wldap32.lib kernel32.lib user32.lib gdi32.lib winspool.lib comdlg32.lib advapi32.lib shell32.lib ole32.lib oleaut32.lib uuid.lib odbc32.lib odbccp32.lib /MANIFEST /MANIFESTUAC:"level='asInvoker' uiAccess='false'" /manifest:embed /DEBUG /PDB:"E:\github\httpjson\build\win\Release\http_json.pdb" /OPT:REF /OPT:ICF /LTCG /TLBID:1 /DYNAMICBASE /NXCOMPAT /IMPLIB:"E:\github\httpjson\build\win\Release\http_json.lib" /MACHINE:X86 /SAFESEH /DLL Release\httpClient.obj
         Release\httpjson.obj
         Release\JsonBase.obj
            正在创建库 E:\github\httpjson\build\win\Release\http_json.lib 和对象 E:\github\httpjson\build\win\Release\http_json.exp
         正在生成代码
         已完成代码的生成
     1>jsoncpp.lib(json_reader.obj) : warning LNK4099: 未找到 PDB“vc120.pdb”(使用“jsoncpp.lib(json_reader.obj)”或在“E:\github\httpjson\build\win\Release\vc120.pdb”中寻找)；正在链接对象，如同没有调试信息一样
     1>jsoncpp.lib(json_value.obj) : warning LNK4099: 未找到 PDB“vc120.pdb”(使用“jsoncpp.lib(json_value.obj)”或在“E:\github\httpjson\build\win\Release\vc120.pdb”中寻找)；正在链接对象，如同没有调试信息一样
     1>jsoncpp.lib(json_writer.obj) : warning LNK4099: 未找到 PDB“vc120.pdb”(使用“jsoncpp.lib(json_writer.obj)”或在“E:\github\httpjson\build\win\Release\vc120.pdb”中寻找)；正在链接对象，如同没有调试信息一样
         http_json.vcxproj -> E:\github\httpjson\build\win\Release\http_json.dll
     1>已完成生成项目“E:\github\httpjson\src\http_json.vcxproj”(Build 个目标)的操作。

生成成功。

已用时间 00:00:02.05
